mode: set
github.com/becunningham/bookings/cmd/web/main.go:22.13,25.16 2 0
github.com/becunningham/bookings/cmd/web/main.go:29.2,37.16 4 0
github.com/becunningham/bookings/cmd/web/main.go:25.16,27.3 1 0
github.com/becunningham/bookings/cmd/web/main.go:37.16,39.3 1 0
github.com/becunningham/bookings/cmd/web/main.go:41.18,59.16 10 1
github.com/becunningham/bookings/cmd/web/main.go:64.2,72.12 6 1
github.com/becunningham/bookings/cmd/web/main.go:59.16,62.3 2 0
github.com/becunningham/bookings/cmd/web/middleware.go:9.45,18.2 3 1
github.com/becunningham/bookings/cmd/web/middleware.go:21.50,23.2 1 1
github.com/becunningham/bookings/cmd/web/routes.go:11.49,38.2 19 1
