mode: set
github.com/becunningham/bookings/internal/forms/forms.go:17.29,19.2 1 1
github.com/becunningham/bookings/internal/forms/forms.go:22.33,27.2 1 1
github.com/becunningham/bookings/internal/forms/forms.go:30.43,31.31 1 1
github.com/becunningham/bookings/internal/forms/forms.go:31.31,33.37 2 1
github.com/becunningham/bookings/internal/forms/forms.go:33.37,35.4 1 1
github.com/becunningham/bookings/internal/forms/forms.go:40.39,42.13 2 1
github.com/becunningham/bookings/internal/forms/forms.go:45.2,45.13 1 1
github.com/becunningham/bookings/internal/forms/forms.go:42.13,44.3 1 1
github.com/becunningham/bookings/internal/forms/forms.go:49.57,51.21 2 1
github.com/becunningham/bookings/internal/forms/forms.go:55.2,55.13 1 1
github.com/becunningham/bookings/internal/forms/forms.go:51.21,54.3 2 1
github.com/becunningham/bookings/internal/forms/forms.go:59.38,60.40 1 1
github.com/becunningham/bookings/internal/forms/forms.go:60.40,62.3 1 1
github.com/becunningham/bookings/internal/forms/errors.go:5.51,7.2 1 1
github.com/becunningham/bookings/internal/forms/errors.go:10.42,12.18 2 1
github.com/becunningham/bookings/internal/forms/errors.go:15.2,15.14 1 1
github.com/becunningham/bookings/internal/forms/errors.go:12.18,14.3 1 1
