mode: set
github.com/becunningham/bookings/internal/handlers/handlers.go:23.47,27.2 1 1
github.com/becunningham/bookings/internal/handlers/handlers.go:30.33,32.2 1 1
github.com/becunningham/bookings/internal/handlers/handlers.go:35.67,40.2 3 1
github.com/becunningham/bookings/internal/handlers/handlers.go:43.68,55.2 5 1
github.com/becunningham/bookings/internal/handlers/handlers.go:58.74,66.2 4 1
github.com/becunningham/bookings/internal/handlers/handlers.go:69.78,71.16 2 0
github.com/becunningham/bookings/internal/handlers/handlers.go:75.2,85.19 6 0
github.com/becunningham/bookings/internal/handlers/handlers.go:95.2,96.66 2 0
github.com/becunningham/bookings/internal/handlers/handlers.go:71.16,74.3 2 0
github.com/becunningham/bookings/internal/handlers/handlers.go:85.19,93.3 4 0
github.com/becunningham/bookings/internal/handlers/handlers.go:100.71,102.2 1 1
github.com/becunningham/bookings/internal/handlers/handlers.go:105.69,107.2 1 1
github.com/becunningham/bookings/internal/handlers/handlers.go:110.75,112.2 1 1
github.com/becunningham/bookings/internal/handlers/handlers.go:115.79,120.2 3 1
github.com/becunningham/bookings/internal/handlers/handlers.go:128.79,135.16 3 1
github.com/becunningham/bookings/internal/handlers/handlers.go:138.2,140.14 3 1
github.com/becunningham/bookings/internal/handlers/handlers.go:135.16,137.3 1 0
github.com/becunningham/bookings/internal/handlers/handlers.go:144.70,146.2 1 1
github.com/becunningham/bookings/internal/handlers/handlers.go:147.81,149.9 2 0
github.com/becunningham/bookings/internal/handlers/handlers.go:155.2,161.4 4 0
github.com/becunningham/bookings/internal/handlers/handlers.go:149.9,154.3 4 0
